[debug] [2022-08-29T10:15:14.372Z] ----------------------------------------------------------------------
[debug] [2022-08-29T10:15:14.374Z] Command:       D:\Installations\node.exe C:\Users\chitt\AppData\Roaming\npm\node_modules\firebase-tools\lib\bin\firebase.js init
[debug] [2022-08-29T10:15:14.374Z] CLI Version:   11.8.0
[debug] [2022-08-29T10:15:14.374Z] Platform:      win32
[debug] [2022-08-29T10:15:14.375Z] Node Version:  v16.15.0
[debug] [2022-08-29T10:15:14.375Z] Time:          Mon Aug 29 2022 15:45:14 GMT+0530 (India Standard Time)
[debug] [2022-08-29T10:15:14.376Z] ----------------------------------------------------------------------
[debug] 
[debug] [2022-08-29T10:15:14.383Z] > command requires scopes: ["email","openid","https://www.googleapis.com/auth/cloudplatformprojects.readonly","https://www.googleapis.com/auth/firebase","https://www.googleapis.com/auth/cloud-platform"]
[debug] [2022-08-29T10:15:14.383Z] > authorizing via signed-in user (developer.spruha@gmail.com)
[info] 
     ######## #### ########  ######## ########     ###     ######  ########
     ##        ##  ##     ## ##       ##     ##  ##   ##  ##       ##
     ######    ##  ########  ######   ########  #########  ######  ######
     ##        ##  ##    ##  ##       ##     ## ##     ##       ## ##
     ##       #### ##     ## ######## ########  ##     ##  ######  ########

You're about to initialize a Firebase project in this directory:

  C:\Users\chitt\Desktop\ReactJS\quizapp\client

[info] 
=== Project Setup
[info] 
[info] First, let's associate this project directory with a Firebase project.
[info] You can create multiple project aliases by running firebase use --add, 
[info] but for now we'll just set up a default project.
[info] 
[info] i  If you want to create a project in a Google Cloud organization or folder, please use "firebase projects:create" instead, and return to this command when you've created the project. 
